\BOOKMARK [1][-]{section.1}{Introduction}{}% 1
\BOOKMARK [1][-]{section.2}{Design and Analysis of Algorithm}{}% 2
\BOOKMARK [2][-]{subsection.2.1}{Stochastic Gradient Descent}{section.2}% 3
\BOOKMARK [2][-]{subsection.2.2}{LBFGS}{section.2}% 4
\BOOKMARK [1][-]{section.3}{Design of Experiments}{}% 5
\BOOKMARK [2][-]{subsection.3.1}{SGD}{section.3}% 6
\BOOKMARK [3][-]{subsubsection.3.1.1}{Initialization}{subsection.3.1}% 7
\BOOKMARK [3][-]{subsubsection.3.1.2}{Preprocessing}{subsection.3.1}% 8
\BOOKMARK [3][-]{subsubsection.3.1.3}{Grid Search}{subsection.3.1}% 9
\BOOKMARK [3][-]{subsubsection.3.1.4}{Performance Measure}{subsection.3.1}% 10
\BOOKMARK [2][-]{subsection.3.2}{L-BFGS}{section.3}% 11
\BOOKMARK [3][-]{subsubsection.3.2.1}{Initialization}{subsection.3.2}% 12
\BOOKMARK [3][-]{subsubsection.3.2.2}{Preprocessing}{subsection.3.2}% 13
\BOOKMARK [3][-]{subsubsection.3.2.3}{Grid Search}{subsection.3.2}% 14
\BOOKMARK [3][-]{subsubsection.3.2.4}{Performance Measure}{subsection.3.2}% 15
\BOOKMARK [1][-]{section.4}{Results of Experiments}{}% 16
\BOOKMARK [2][-]{subsection.4.1}{Regularized Logistic Regression}{section.4}% 17
\BOOKMARK [2][-]{subsection.4.2}{ Regularized L-BFGS}{section.4}% 18
\BOOKMARK [1][-]{section.5}{Findings and Lessons Learned}{}% 19
\BOOKMARK [2][-]{subsection.5.1}{Numerical Issues and Preprocessing}{section.5}% 20
\BOOKMARK [2][-]{subsection.5.2}{Overfitting}{section.5}% 21
\BOOKMARK [2][-]{subsection.5.3}{Model Selection}{section.5}% 22
\BOOKMARK [2][-]{subsection.5.4}{Trade-off Between Mini-Batch size and Rate of Convergence}{section.5}% 23
